{"/home/haavasma/Documents/System_utvikling2/Prosjekt_NyhetsSide/nyhetsside/server/src/dao/dao.js": {"path":"/home/haavasma/Documents/System_utvikling2/Prosjekt_NyhetsSide/nyhetsside/server/src/dao/dao.js","statementMap":{"0":{"start":{"line":1,"column":0},"end":{"line":28,"column":4}},"1":{"start":{"line":4,"column":6},"end":{"line":4,"column":23}},"2":{"start":{"line":8,"column":6},"end":{"line":26,"column":9}},"3":{"start":{"line":9,"column":8},"end":{"line":9,"column":50}},"4":{"start":{"line":10,"column":8},"end":{"line":25,"column":9}},"5":{"start":{"line":11,"column":10},"end":{"line":11,"column":47}},"6":{"start":{"line":12,"column":10},"end":{"line":12,"column":62}},"7":{"start":{"line":14,"column":10},"end":{"line":14,"column":50}},"8":{"start":{"line":15,"column":10},"end":{"line":24,"column":13}},"9":{"start":{"line":16,"column":12},"end":{"line":16,"column":33}},"10":{"start":{"line":17,"column":12},"end":{"line":23,"column":13}},"11":{"start":{"line":18,"column":14},"end":{"line":18,"column":31}},"12":{"start":{"line":19,"column":14},"end":{"line":19,"column":57}},"13":{"start":{"line":21,"column":14},"end":{"line":21,"column":49}},"14":{"start":{"line":22,"column":14},"end":{"line":22,"column":34}}},"fnMap":{"0":{"name":"(anonymous_0)","decl":{"start":{"line":2,"column":4},"end":{"line":2,"column":5}},"loc":{"start":{"line":2,"column":34},"end":{"line":5,"column":5}},"line":2},"1":{"name":"(anonymous_1)","decl":{"start":{"line":7,"column":4},"end":{"line":7,"column":5}},"loc":{"start":{"line":7,"column":61},"end":{"line":27,"column":5}},"line":7},"2":{"name":"(anonymous_2)","decl":{"start":{"line":8,"column":30},"end":{"line":8,"column":31}},"loc":{"start":{"line":8,"column":51},"end":{"line":26,"column":7}},"line":8},"3":{"name":"(anonymous_3)","decl":{"start":{"line":15,"column":40},"end":{"line":15,"column":41}},"loc":{"start":{"line":15,"column":55},"end":{"line":24,"column":11}},"line":15}},"branchMap":{"0":{"loc":{"start":{"line":10,"column":8},"end":{"line":25,"column":9}},"type":"if","locations":[{"start":{"line":10,"column":8},"end":{"line":25,"column":9}},{"start":{"line":10,"column":8},"end":{"line":25,"column":9}}],"line":10},"1":{"loc":{"start":{"line":17,"column":12},"end":{"line":23,"column":13}},"type":"if","locations":[{"start":{"line":17,"column":12},"end":{"line":23,"column":13}},{"start":{"line":17,"column":12},"end":{"line":23,"column":13}}],"line":17}},"s":{"0":1,"1":1,"2":1,"3":1,"4":1,"5":1,"6":1,"7":0,"8":0,"9":0,"10":0,"11":0,"12":0,"13":0,"14":0},"f":{"0":1,"1":1,"2":1,"3":0},"b":{"0":[1,0],"1":[0,0]},"_coverageSchema":"43e27e138ebf9cfc5966b082cf9a028302ed4184","hash":"c66adb0be80e65376b823aab7a60d6bdfaaaa478"}
,"/home/haavasma/Documents/System_utvikling2/Prosjekt_NyhetsSide/nyhetsside/server/src/dao/runsqlfile.js": {"path":"/home/haavasma/Documents/System_utvikling2/Prosjekt_NyhetsSide/nyhetsside/server/src/dao/runsqlfile.js","statementMap":{"0":{"start":{"line":1,"column":12},"end":{"line":1,"column":28}},"1":{"start":{"line":2,"column":9},"end":{"line":2,"column":22}},"2":{"start":{"line":4,"column":0},"end":{"line":25,"column":2}},"3":{"start":{"line":5,"column":2},"end":{"line":5,"column":54}},"4":{"start":{"line":6,"column":12},"end":{"line":6,"column":45}},"5":{"start":{"line":7,"column":2},"end":{"line":24,"column":5}},"6":{"start":{"line":8,"column":4},"end":{"line":23,"column":5}},"7":{"start":{"line":9,"column":6},"end":{"line":9,"column":50}},"8":{"start":{"line":10,"column":6},"end":{"line":10,"column":13}},"9":{"start":{"line":12,"column":6},"end":{"line":12,"column":43}},"10":{"start":{"line":13,"column":6},"end":{"line":22,"column":9}},"11":{"start":{"line":14,"column":8},"end":{"line":14,"column":29}},"12":{"start":{"line":15,"column":8},"end":{"line":21,"column":9}},"13":{"start":{"line":16,"column":10},"end":{"line":16,"column":27}},"14":{"start":{"line":17,"column":10},"end":{"line":17,"column":17}},"15":{"start":{"line":19,"column":10},"end":{"line":19,"column":44}},"16":{"start":{"line":20,"column":10},"end":{"line":20,"column":17}}},"fnMap":{"0":{"name":"run","decl":{"start":{"line":4,"column":26},"end":{"line":4,"column":29}},"loc":{"start":{"line":4,"column":82},"end":{"line":25,"column":1}},"line":4},"1":{"name":"(anonymous_1)","decl":{"start":{"line":7,"column":21},"end":{"line":7,"column":22}},"loc":{"start":{"line":7,"column":42},"end":{"line":24,"column":3}},"line":7},"2":{"name":"(anonymous_2)","decl":{"start":{"line":13,"column":28},"end":{"line":13,"column":29}},"loc":{"start":{"line":13,"column":43},"end":{"line":22,"column":7}},"line":13}},"branchMap":{"0":{"loc":{"start":{"line":8,"column":4},"end":{"line":23,"column":5}},"type":"if","locations":[{"start":{"line":8,"column":4},"end":{"line":23,"column":5}},{"start":{"line":8,"column":4},"end":{"line":23,"column":5}}],"line":8},"1":{"loc":{"start":{"line":15,"column":8},"end":{"line":21,"column":9}},"type":"if","locations":[{"start":{"line":15,"column":8},"end":{"line":21,"column":9}},{"start":{"line":15,"column":8},"end":{"line":21,"column":9}}],"line":15}},"s":{"0":1,"1":1,"2":1,"3":2,"4":2,"5":2,"6":2,"7":2,"8":2,"9":0,"10":0,"11":0,"12":0,"13":0,"14":0,"15":0,"16":0},"f":{"0":2,"1":2,"2":0},"b":{"0":[2,0],"1":[0,0]},"_coverageSchema":"43e27e138ebf9cfc5966b082cf9a028302ed4184","hash":"46b8d847cb20cae250c3e34f5efd34752d6573e8"}
,"/home/haavasma/Documents/System_utvikling2/Prosjekt_NyhetsSide/nyhetsside/server/src/dao/sakdao.js": {"path":"/home/haavasma/Documents/System_utvikling2/Prosjekt_NyhetsSide/nyhetsside/server/src/dao/sakdao.js","statementMap":{"0":{"start":{"line":1,"column":13},"end":{"line":1,"column":32}},"1":{"start":{"line":3,"column":0},"end":{"line":30,"column":2}},"2":{"start":{"line":5,"column":8},"end":{"line":5,"column":162}},"3":{"start":{"line":8,"column":8},"end":{"line":8,"column":150}},"4":{"start":{"line":11,"column":8},"end":{"line":11,"column":83}},"5":{"start":{"line":14,"column":18},"end":{"line":14,"column":125}},"6":{"start":{"line":15,"column":8},"end":{"line":18,"column":10}},"7":{"start":{"line":21,"column":19},"end":{"line":21,"column":32}},"8":{"start":{"line":22,"column":8},"end":{"line":22,"column":72}},"9":{"start":{"line":25,"column":18},"end":{"line":25,"column":112}},"10":{"start":{"line":26,"column":8},"end":{"line":28,"column":18}}},"fnMap":{"0":{"name":"(anonymous_0)","decl":{"start":{"line":4,"column":4},"end":{"line":4,"column":5}},"loc":{"start":{"line":4,"column":34},"end":{"line":6,"column":5}},"line":4},"1":{"name":"(anonymous_1)","decl":{"start":{"line":7,"column":4},"end":{"line":7,"column":5}},"loc":{"start":{"line":7,"column":44},"end":{"line":9,"column":5}},"line":7},"2":{"name":"(anonymous_2)","decl":{"start":{"line":10,"column":4},"end":{"line":10,"column":5}},"loc":{"start":{"line":10,"column":57},"end":{"line":12,"column":5}},"line":10},"3":{"name":"(anonymous_3)","decl":{"start":{"line":13,"column":4},"end":{"line":13,"column":5}},"loc":{"start":{"line":13,"column":44},"end":{"line":19,"column":5}},"line":13},"4":{"name":"(anonymous_4)","decl":{"start":{"line":20,"column":4},"end":{"line":20,"column":5}},"loc":{"start":{"line":20,"column":47},"end":{"line":23,"column":5}},"line":20},"5":{"name":"(anonymous_5)","decl":{"start":{"line":24,"column":4},"end":{"line":24,"column":5}},"loc":{"start":{"line":24,"column":61},"end":{"line":29,"column":5}},"line":24}},"branchMap":{},"s":{"0":1,"1":1,"2":0,"3":1,"4":0,"5":0,"6":0,"7":0,"8":0,"9":0,"10":0},"f":{"0":0,"1":1,"2":0,"3":0,"4":0,"5":0},"b":{},"_coverageSchema":"43e27e138ebf9cfc5966b082cf9a028302ed4184","hash":"764faf24a16c07a4115e7b614325f266f58edb04"}
}
