{"/home/haavasma/Documents/System_utvikling2/Prosjekt_NyhetsSide/nyhetsside/server/src/dao/brukerdao.js": {"path":"/home/haavasma/Documents/System_utvikling2/Prosjekt_NyhetsSide/nyhetsside/server/src/dao/brukerdao.js","statementMap":{"0":{"start":{"line":1,"column":18},"end":{"line":1,"column":37}},"1":{"start":{"line":2,"column":15},"end":{"line":2,"column":32}},"2":{"start":{"line":3,"column":27},"end":{"line":3,"column":29}},"3":{"start":{"line":7,"column":0},"end":{"line":20,"column":2}},"4":{"start":{"line":9,"column":8},"end":{"line":9,"column":112}},"5":{"start":{"line":12,"column":8},"end":{"line":12,"column":100}},"6":{"start":{"line":15,"column":27},"end":{"line":15,"column":57}},"7":{"start":{"line":16,"column":27},"end":{"line":16,"column":62}},"8":{"start":{"line":17,"column":25},"end":{"line":17,"column":48}},"9":{"start":{"line":18,"column":8},"end":{"line":18,"column":70}}},"fnMap":{"0":{"name":"(anonymous_0)","decl":{"start":{"line":8,"column":4},"end":{"line":8,"column":5}},"loc":{"start":{"line":8,"column":45},"end":{"line":10,"column":5}},"line":8},"1":{"name":"(anonymous_1)","decl":{"start":{"line":11,"column":4},"end":{"line":11,"column":5}},"loc":{"start":{"line":11,"column":46},"end":{"line":13,"column":5}},"line":11},"2":{"name":"(anonymous_2)","decl":{"start":{"line":14,"column":4},"end":{"line":14,"column":5}},"loc":{"start":{"line":14,"column":45},"end":{"line":19,"column":5}},"line":14}},"branchMap":{},"s":{"0":1,"1":1,"2":1,"3":1,"4":1,"5":1,"6":1,"7":1,"8":1,"9":1},"f":{"0":1,"1":1,"2":1},"b":{},"_coverageSchema":"43e27e138ebf9cfc5966b082cf9a028302ed4184","hash":"27505841c7dcabef26ee6269d1d4d3daffada805"}
,"/home/haavasma/Documents/System_utvikling2/Prosjekt_NyhetsSide/nyhetsside/server/src/dao/dao.js": {"path":"/home/haavasma/Documents/System_utvikling2/Prosjekt_NyhetsSide/nyhetsside/server/src/dao/dao.js","statementMap":{"0":{"start":{"line":1,"column":0},"end":{"line":28,"column":4}},"1":{"start":{"line":4,"column":6},"end":{"line":4,"column":23}},"2":{"start":{"line":8,"column":6},"end":{"line":26,"column":9}},"3":{"start":{"line":9,"column":8},"end":{"line":9,"column":50}},"4":{"start":{"line":10,"column":8},"end":{"line":25,"column":9}},"5":{"start":{"line":11,"column":10},"end":{"line":11,"column":47}},"6":{"start":{"line":12,"column":10},"end":{"line":12,"column":62}},"7":{"start":{"line":14,"column":10},"end":{"line":14,"column":50}},"8":{"start":{"line":15,"column":10},"end":{"line":24,"column":13}},"9":{"start":{"line":16,"column":12},"end":{"line":16,"column":33}},"10":{"start":{"line":17,"column":12},"end":{"line":23,"column":13}},"11":{"start":{"line":18,"column":14},"end":{"line":18,"column":31}},"12":{"start":{"line":19,"column":14},"end":{"line":19,"column":57}},"13":{"start":{"line":21,"column":14},"end":{"line":21,"column":49}},"14":{"start":{"line":22,"column":14},"end":{"line":22,"column":34}}},"fnMap":{"0":{"name":"(anonymous_0)","decl":{"start":{"line":2,"column":4},"end":{"line":2,"column":5}},"loc":{"start":{"line":2,"column":28},"end":{"line":5,"column":5}},"line":2},"1":{"name":"(anonymous_1)","decl":{"start":{"line":7,"column":4},"end":{"line":7,"column":5}},"loc":{"start":{"line":7,"column":61},"end":{"line":27,"column":5}},"line":7},"2":{"name":"(anonymous_2)","decl":{"start":{"line":8,"column":30},"end":{"line":8,"column":31}},"loc":{"start":{"line":8,"column":51},"end":{"line":26,"column":7}},"line":8},"3":{"name":"(anonymous_3)","decl":{"start":{"line":15,"column":40},"end":{"line":15,"column":41}},"loc":{"start":{"line":15,"column":55},"end":{"line":24,"column":11}},"line":15}},"branchMap":{"0":{"loc":{"start":{"line":10,"column":8},"end":{"line":25,"column":9}},"type":"if","locations":[{"start":{"line":10,"column":8},"end":{"line":25,"column":9}},{"start":{"line":10,"column":8},"end":{"line":25,"column":9}}],"line":10},"1":{"loc":{"start":{"line":17,"column":12},"end":{"line":23,"column":13}},"type":"if","locations":[{"start":{"line":17,"column":12},"end":{"line":23,"column":13}},{"start":{"line":17,"column":12},"end":{"line":23,"column":13}}],"line":17}},"s":{"0":1,"1":5,"2":14,"3":14,"4":14,"5":14,"6":14,"7":0,"8":0,"9":0,"10":0,"11":0,"12":0,"13":0,"14":0},"f":{"0":5,"1":14,"2":14,"3":0},"b":{"0":[14,0],"1":[0,0]},"_coverageSchema":"43e27e138ebf9cfc5966b082cf9a028302ed4184","hash":"176d3ffb4e8bacc40f4ef601de2b6efe937b7ca2"}
,"/home/haavasma/Documents/System_utvikling2/Prosjekt_NyhetsSide/nyhetsside/server/src/dao/kategoridao.js": {"path":"/home/haavasma/Documents/System_utvikling2/Prosjekt_NyhetsSide/nyhetsside/server/src/dao/kategoridao.js","statementMap":{"0":{"start":{"line":1,"column":18},"end":{"line":1,"column":37}},"1":{"start":{"line":3,"column":0},"end":{"line":7,"column":2}},"2":{"start":{"line":5,"column":8},"end":{"line":5,"column":67}}},"fnMap":{"0":{"name":"(anonymous_0)","decl":{"start":{"line":4,"column":4},"end":{"line":4,"column":5}},"loc":{"start":{"line":4,"column":37},"end":{"line":6,"column":5}},"line":4}},"branchMap":{},"s":{"0":1,"1":1,"2":1},"f":{"0":1},"b":{},"_coverageSchema":"43e27e138ebf9cfc5966b082cf9a028302ed4184","hash":"b278053de92796f2edd0bc6ad8fdc32b40be4cc6"}
,"/home/haavasma/Documents/System_utvikling2/Prosjekt_NyhetsSide/nyhetsside/server/src/dao/kommentardao.js": {"path":"/home/haavasma/Documents/System_utvikling2/Prosjekt_NyhetsSide/nyhetsside/server/src/dao/kommentardao.js","statementMap":{"0":{"start":{"line":1,"column":17},"end":{"line":1,"column":36}},"1":{"start":{"line":3,"column":0},"end":{"line":13,"column":2}},"2":{"start":{"line":5,"column":8},"end":{"line":5,"column":98}},"3":{"start":{"line":8,"column":25},"end":{"line":8,"column":71}},"4":{"start":{"line":9,"column":8},"end":{"line":11,"column":18}}},"fnMap":{"0":{"name":"(anonymous_0)","decl":{"start":{"line":4,"column":4},"end":{"line":4,"column":5}},"loc":{"start":{"line":4,"column":48},"end":{"line":6,"column":5}},"line":4},"1":{"name":"(anonymous_1)","decl":{"start":{"line":7,"column":4},"end":{"line":7,"column":5}},"loc":{"start":{"line":7,"column":48},"end":{"line":12,"column":5}},"line":7}},"branchMap":{},"s":{"0":1,"1":1,"2":1,"3":1,"4":1},"f":{"0":1,"1":1},"b":{},"_coverageSchema":"43e27e138ebf9cfc5966b082cf9a028302ed4184","hash":"d8f66e0366c73279f26b0baa5b04c8c1901315b0"}
,"/home/haavasma/Documents/System_utvikling2/Prosjekt_NyhetsSide/nyhetsside/server/src/dao/ratingdao.js": {"path":"/home/haavasma/Documents/System_utvikling2/Prosjekt_NyhetsSide/nyhetsside/server/src/dao/ratingdao.js","statementMap":{"0":{"start":{"line":1,"column":17},"end":{"line":1,"column":36}},"1":{"start":{"line":3,"column":0},"end":{"line":13,"column":2}},"2":{"start":{"line":5,"column":8},"end":{"line":5,"column":102}},"3":{"start":{"line":8,"column":18},"end":{"line":8,"column":52}},"4":{"start":{"line":9,"column":8},"end":{"line":11,"column":18}}},"fnMap":{"0":{"name":"(anonymous_0)","decl":{"start":{"line":4,"column":4},"end":{"line":4,"column":5}},"loc":{"start":{"line":4,"column":45},"end":{"line":6,"column":5}},"line":4},"1":{"name":"(anonymous_1)","decl":{"start":{"line":7,"column":4},"end":{"line":7,"column":5}},"loc":{"start":{"line":7,"column":57},"end":{"line":12,"column":5}},"line":7}},"branchMap":{},"s":{"0":1,"1":1,"2":1,"3":1,"4":1},"f":{"0":1,"1":1},"b":{},"_coverageSchema":"43e27e138ebf9cfc5966b082cf9a028302ed4184","hash":"7c3599596534ef10dabdeaca34efa0ccece9535b"}
,"/home/haavasma/Documents/System_utvikling2/Prosjekt_NyhetsSide/nyhetsside/server/src/dao/runsqlfile.js": {"path":"/home/haavasma/Documents/System_utvikling2/Prosjekt_NyhetsSide/nyhetsside/server/src/dao/runsqlfile.js","statementMap":{"0":{"start":{"line":1,"column":12},"end":{"line":1,"column":28}},"1":{"start":{"line":2,"column":9},"end":{"line":2,"column":22}},"2":{"start":{"line":4,"column":0},"end":{"line":25,"column":2}},"3":{"start":{"line":5,"column":2},"end":{"line":5,"column":54}},"4":{"start":{"line":6,"column":12},"end":{"line":6,"column":45}},"5":{"start":{"line":7,"column":2},"end":{"line":24,"column":5}},"6":{"start":{"line":8,"column":4},"end":{"line":23,"column":5}},"7":{"start":{"line":9,"column":6},"end":{"line":9,"column":50}},"8":{"start":{"line":10,"column":6},"end":{"line":10,"column":13}},"9":{"start":{"line":12,"column":6},"end":{"line":12,"column":43}},"10":{"start":{"line":13,"column":6},"end":{"line":22,"column":9}},"11":{"start":{"line":14,"column":8},"end":{"line":14,"column":29}},"12":{"start":{"line":15,"column":8},"end":{"line":21,"column":9}},"13":{"start":{"line":16,"column":10},"end":{"line":16,"column":27}},"14":{"start":{"line":17,"column":10},"end":{"line":17,"column":17}},"15":{"start":{"line":19,"column":10},"end":{"line":19,"column":44}},"16":{"start":{"line":20,"column":10},"end":{"line":20,"column":17}}},"fnMap":{"0":{"name":"run","decl":{"start":{"line":4,"column":26},"end":{"line":4,"column":29}},"loc":{"start":{"line":4,"column":82},"end":{"line":25,"column":1}},"line":4},"1":{"name":"(anonymous_1)","decl":{"start":{"line":7,"column":21},"end":{"line":7,"column":22}},"loc":{"start":{"line":7,"column":42},"end":{"line":24,"column":3}},"line":7},"2":{"name":"(anonymous_2)","decl":{"start":{"line":13,"column":28},"end":{"line":13,"column":29}},"loc":{"start":{"line":13,"column":43},"end":{"line":22,"column":7}},"line":13}},"branchMap":{"0":{"loc":{"start":{"line":8,"column":4},"end":{"line":23,"column":5}},"type":"if","locations":[{"start":{"line":8,"column":4},"end":{"line":23,"column":5}},{"start":{"line":8,"column":4},"end":{"line":23,"column":5}}],"line":8},"1":{"loc":{"start":{"line":15,"column":8},"end":{"line":21,"column":9}},"type":"if","locations":[{"start":{"line":15,"column":8},"end":{"line":21,"column":9}},{"start":{"line":15,"column":8},"end":{"line":21,"column":9}}],"line":15}},"s":{"0":1,"1":1,"2":1,"3":2,"4":2,"5":2,"6":2,"7":2,"8":2,"9":0,"10":0,"11":0,"12":0,"13":0,"14":0,"15":0,"16":0},"f":{"0":2,"1":2,"2":0},"b":{"0":[2,0],"1":[0,0]},"_coverageSchema":"43e27e138ebf9cfc5966b082cf9a028302ed4184","hash":"46b8d847cb20cae250c3e34f5efd34752d6573e8"}
,"/home/haavasma/Documents/System_utvikling2/Prosjekt_NyhetsSide/nyhetsside/server/src/dao/sakdao.js": {"path":"/home/haavasma/Documents/System_utvikling2/Prosjekt_NyhetsSide/nyhetsside/server/src/dao/sakdao.js","statementMap":{"0":{"start":{"line":1,"column":18},"end":{"line":1,"column":37}},"1":{"start":{"line":3,"column":0},"end":{"line":33,"column":2}},"2":{"start":{"line":5,"column":8},"end":{"line":5,"column":162}},"3":{"start":{"line":8,"column":8},"end":{"line":8,"column":150}},"4":{"start":{"line":11,"column":8},"end":{"line":11,"column":83}},"5":{"start":{"line":14,"column":8},"end":{"line":14,"column":182}},"6":{"start":{"line":17,"column":25},"end":{"line":17,"column":132}},"7":{"start":{"line":18,"column":8},"end":{"line":21,"column":10}},"8":{"start":{"line":24,"column":26},"end":{"line":24,"column":39}},"9":{"start":{"line":25,"column":8},"end":{"line":25,"column":72}},"10":{"start":{"line":28,"column":25},"end":{"line":28,"column":119}},"11":{"start":{"line":29,"column":8},"end":{"line":31,"column":18}}},"fnMap":{"0":{"name":"(anonymous_0)","decl":{"start":{"line":4,"column":4},"end":{"line":4,"column":5}},"loc":{"start":{"line":4,"column":34},"end":{"line":6,"column":5}},"line":4},"1":{"name":"(anonymous_1)","decl":{"start":{"line":7,"column":4},"end":{"line":7,"column":5}},"loc":{"start":{"line":7,"column":44},"end":{"line":9,"column":5}},"line":7},"2":{"name":"(anonymous_2)","decl":{"start":{"line":10,"column":4},"end":{"line":10,"column":5}},"loc":{"start":{"line":10,"column":57},"end":{"line":12,"column":5}},"line":10},"3":{"name":"(anonymous_3)","decl":{"start":{"line":13,"column":4},"end":{"line":13,"column":5}},"loc":{"start":{"line":13,"column":42},"end":{"line":15,"column":5}},"line":13},"4":{"name":"(anonymous_4)","decl":{"start":{"line":16,"column":4},"end":{"line":16,"column":5}},"loc":{"start":{"line":16,"column":44},"end":{"line":22,"column":5}},"line":16},"5":{"name":"(anonymous_5)","decl":{"start":{"line":23,"column":4},"end":{"line":23,"column":5}},"loc":{"start":{"line":23,"column":47},"end":{"line":26,"column":5}},"line":23},"6":{"name":"(anonymous_6)","decl":{"start":{"line":27,"column":4},"end":{"line":27,"column":5}},"loc":{"start":{"line":27,"column":61},"end":{"line":32,"column":5}},"line":27}},"branchMap":{},"s":{"0":1,"1":1,"2":1,"3":1,"4":1,"5":0,"6":1,"7":1,"8":1,"9":1,"10":1,"11":1},"f":{"0":1,"1":1,"2":1,"3":0,"4":1,"5":1,"6":1},"b":{},"_coverageSchema":"43e27e138ebf9cfc5966b082cf9a028302ed4184","hash":"d46992867d4368ecacbc024b82cf32c4e5fbdb55"}
}
